Initializing Tour Transport change log
Add desert tour package - Tue, Mar 25, 2025  3:59:34 AM
Update transport vehicle listings - Tue, Mar 25, 2025  3:59:34 AM
Fix booking date calculation - Tue, Mar 25, 2025  3:59:35 AM
Add French language support - Tue, Mar 25, 2025  3:59:36 AM
Optimize tour image loading - Tue, Mar 25, 2025  3:59:37 AM
Add desert tour package - Wed, Mar 26, 2025  6:29:47 PM
Update vehicle listings - Wed, Mar 26, 2025  6:29:47 PM
Fix booking date issue - Wed, Mar 26, 2025  6:29:48 PM
Add French support - Wed, Mar 26, 2025  6:29:48 PM
Optimize image loading - Wed, Mar 26, 2025  6:29:49 PM
Add vehicles section - Fri, Mar 28, 2025  1:27:11 AM
Implement excursions carousel - Fri, Mar 28, 2025  1:27:11 AM
Add circuits section - Fri, Mar 28, 2025  1:27:12 AM
Optimize image loading - Fri, Mar 28, 2025  1:27:13 AM
 - Fri, Mar 28, 2025  1:27:13 AM
Showcase stunning gallery section - Sat, Mar 29, 2025  1:38:51 AM
Expand excursions & activities options - Sat, Mar 29, 2025  1:38:52 AM
Optimize transport details display - Sat, Mar 29, 2025  1:38:53 AM
Improve multilingual support experience - Sat, Mar 29, 2025  1:38:54 AM
Enhance image loading performance - Sat, Mar 29, 2025  1:38:55 AM
Add vehicles section (Staria, Vito, Tucson) - Mon, Mar 31, 2025  2:11:25 AM
Implement excursions carousel with gallery - Mon, Mar 31, 2025  2:11:26 AM
Add circuits section with responsive layout - Mon, Mar 31, 2025  2:11:27 AM
Add FAQ section with common questions - Mon, Mar 31, 2025  2:11:27 AM
Create excursions page with activity listings - Mon, Mar 31, 2025  2:11:28 AM
Add circuit detail page template - Tue, Apr  1, 2025 11:47:03 PM
Implement hero section with breadcrumbs - Tue, Apr  1, 2025 11:47:03 PM
Add image gallery carousel functionality - Tue, Apr  1, 2025 11:47:04 PM
Create tabbed content interface (description/program/included) - Tue, Apr  1, 2025 11:47:04 PM
Add responsive program accordion - Tue, Apr  1, 2025 11:47:05 PM
Add circuits listing page - Fri, Apr  4, 2025 10:09:48 PM
Create circuit detail page - Fri, Apr  4, 2025 10:09:48 PM
Implement gallery carousel - Fri, Apr  4, 2025 10:09:49 PM
Add tabbed content sections - Fri, Apr  4, 2025 10:09:50 PM
Include booking button - Fri, Apr  4, 2025 10:09:50 PM
Add base layout template - Sat, Apr  5, 2025 10:13:19 PM
Implement responsive navigation - Sat, Apr  5, 2025 10:13:20 PM
Add mobile sidebar menu - Sat, Apr  5, 2025 10:13:22 PM
Create footer component - Sat, Apr  5, 2025 10:13:29 PM
Optimize SEO meta tags - Sat, Apr  5, 2025 10:13:38 PM
Add airport transport page - Sun, Apr  6, 2025 11:10:28 PM
Implement luxury vehicles section - Sun, Apr  6, 2025 11:10:28 PM
